Build output check failed:
    Regex: 'argument .* is not valid'
    Output line: 'cc1: warning: ‘-Werror=’ argument ‘-Werror=non-virtual-dtor’ is not valid for C'
Compilation failed:
    source file: '/home/zion/Desktop/CPP-study/12.opencv/opencv-3.4.14/build/CMakeFiles/CMakeTmp/src.c'
    check option: ' -fsigned-char -W -Wall -Werror=return-type  -Werror=non-virtual-dtor'
===== BUILD LOG =====
Change Dir: /home/zion/Desktop/CPP-study/12.opencv/opencv-3.4.14/build/CMakeFiles/CMakeTmp

Run Build Command:"/usr/bin/make" "cmTC_c801b/fast"
/usr/bin/make -f CMakeFiles/cmTC_c801b.dir/build.make CMakeFiles/cmTC_c801b.dir/build
make[1]: Entering directory '/home/zion/Desktop/CPP-study/12.opencv/opencv-3.4.14/build/CMakeFiles/CMakeTmp'
Building C object CMakeFiles/cmTC_c801b.dir/src.c.o
/usr/bin/cc   -O3 -DNDEBUG -fPIE   -fsigned-char -W -Wall -Werror=return-type -Werror=non-virtual-dtor -o CMakeFiles/cmTC_c801b.dir/src.c.o   -c /home/zion/Desktop/CPP-study/12.opencv/opencv-3.4.14/build/CMakeFiles/CMakeTmp/src.c
cc1: warning: ‘-Werror=’ argument ‘-Werror=non-virtual-dtor’ is not valid for C
/home/zion/Desktop/CPP-study/12.opencv/opencv-3.4.14/build/CMakeFiles/CMakeTmp/src.c:1:0: warning: ignoring #pragma   [-Wunknown-pragmas]
 #pragma
 
Linking C executable cmTC_c801b
/usr/bin/cmake -E cmake_link_script CMakeFiles/cmTC_c801b.dir/link.txt --verbose=1
/usr/bin/cc   -O3 -DNDEBUG    -rdynamic CMakeFiles/cmTC_c801b.dir/src.c.o  -o cmTC_c801b 
make[1]: Leaving directory '/home/zion/Desktop/CPP-study/12.opencv/opencv-3.4.14/build/CMakeFiles/CMakeTmp'

===== END =====

Build output check failed:
    Regex: 'command[- ]line option .* is valid for .* but not for C\+\+'
    Output line: 'cc1plus: warning: command line option ‘-Wmissing-prototypes’ is valid for C/ObjC but not for C++'
Compilation failed:
    source file: '/home/zion/Desktop/CPP-study/12.opencv/opencv-3.4.14/build/CMakeFiles/CMakeTmp/src.cxx'
    check option: ' -fsigned-char -W -Wall -Werror=return-type -Werror=non-virtual-dtor -Werror=address -Werror=sequence-point -Wformat -Werror=format-security -Wmissing-declarations  -Wmissing-prototypes'
===== BUILD LOG =====
Change Dir: /home/zion/Desktop/CPP-study/12.opencv/opencv-3.4.14/build/CMakeFiles/CMakeTmp

Run Build Command:"/usr/bin/make" "cmTC_92e99/fast"
/usr/bin/make -f CMakeFiles/cmTC_92e99.dir/build.make CMakeFiles/cmTC_92e99.dir/build
make[1]: Entering directory '/home/zion/Desktop/CPP-study/12.opencv/opencv-3.4.14/build/CMakeFiles/CMakeTmp'
Building CXX object CMakeFiles/cmTC_92e99.dir/src.cxx.o
/usr/bin/c++    -O3 -DNDEBUG -fPIE   -fsigned-char -W -Wall -Werror=return-type -Werror=non-virtual-dtor -Werror=address -Werror=sequence-point -Wformat -Werror=format-security -Wmissing-declarations -Wmissing-prototypes -o CMakeFiles/cmTC_92e99.dir/src.cxx.o -c /home/zion/Desktop/CPP-study/12.opencv/opencv-3.4.14/build/CMakeFiles/CMakeTmp/src.cxx
cc1plus: warning: command line option ‘-Wmissing-prototypes’ is valid for C/ObjC but not for C++
/home/zion/Desktop/CPP-study/12.opencv/opencv-3.4.14/build/CMakeFiles/CMakeTmp/src.cxx:1:0: warning: ignoring #pragma   [-Wunknown-pragmas]
 #pragma
 
Linking CXX executable cmTC_92e99
/usr/bin/cmake -E cmake_link_script CMakeFiles/cmTC_92e99.dir/link.txt --verbose=1
/usr/bin/c++    -O3 -DNDEBUG    -rdynamic CMakeFiles/cmTC_92e99.dir/src.cxx.o  -o cmTC_92e99 
make[1]: Leaving directory '/home/zion/Desktop/CPP-study/12.opencv/opencv-3.4.14/build/CMakeFiles/CMakeTmp'

===== END =====

Build output check failed:
    Regex: 'command[- ]line option .* is valid for .* but not for C\+\+'
    Output line: 'cc1plus: warning: command line option ‘-Wstrict-prototypes’ is valid for C/ObjC but not for C++'
Compilation failed:
    source file: '/home/zion/Desktop/CPP-study/12.opencv/opencv-3.4.14/build/CMakeFiles/CMakeTmp/src.cxx'
    check option: ' -fsigned-char -W -Wall -Werror=return-type -Werror=non-virtual-dtor -Werror=address -Werror=sequence-point -Wformat -Werror=format-security -Wmissing-declarations  -Wstrict-prototypes'
===== BUILD LOG =====
Change Dir: /home/zion/Desktop/CPP-study/12.opencv/opencv-3.4.14/build/CMakeFiles/CMakeTmp

Run Build Command:"/usr/bin/make" "cmTC_85ac9/fast"
/usr/bin/make -f CMakeFiles/cmTC_85ac9.dir/build.make CMakeFiles/cmTC_85ac9.dir/build
make[1]: Entering directory '/home/zion/Desktop/CPP-study/12.opencv/opencv-3.4.14/build/CMakeFiles/CMakeTmp'
Building CXX object CMakeFiles/cmTC_85ac9.dir/src.cxx.o
/usr/bin/c++    -O3 -DNDEBUG -fPIE   -fsigned-char -W -Wall -Werror=return-type -Werror=non-virtual-dtor -Werror=address -Werror=sequence-point -Wformat -Werror=format-security -Wmissing-declarations -Wstrict-prototypes -o CMakeFiles/cmTC_85ac9.dir/src.cxx.o -c /home/zion/Desktop/CPP-study/12.opencv/opencv-3.4.14/build/CMakeFiles/CMakeTmp/src.cxx
cc1plus: warning: command line option ‘-Wstrict-prototypes’ is valid for C/ObjC but not for C++
/home/zion/Desktop/CPP-study/12.opencv/opencv-3.4.14/build/CMakeFiles/CMakeTmp/src.cxx:1:0: warning: ignoring #pragma   [-Wunknown-pragmas]
 #pragma
 
Linking CXX executable cmTC_85ac9
/usr/bin/cmake -E cmake_link_script CMakeFiles/cmTC_85ac9.dir/link.txt --verbose=1
/usr/bin/c++    -O3 -DNDEBUG    -rdynamic CMakeFiles/cmTC_85ac9.dir/src.cxx.o  -o cmTC_85ac9 
make[1]: Leaving directory '/home/zion/Desktop/CPP-study/12.opencv/opencv-3.4.14/build/CMakeFiles/CMakeTmp'

===== END =====

Build output check failed:
    Regex: 'command[- ]line option .* is valid for .* but not for C'
    Output line: 'cc1: warning: command line option ‘-Wsign-promo’ is valid for C++/ObjC++ but not for C'
Compilation failed:
    source file: '/home/zion/Desktop/CPP-study/12.opencv/opencv-3.4.14/build/CMakeFiles/CMakeTmp/src.c'
    check option: ' -fsigned-char -W -Wall -Werror=return-type -Werror=address -Werror=sequence-point -Wformat -Werror=format-security -Wmissing-declarations -Wmissing-prototypes -Wstrict-prototypes -Wundef -Winit-self -Wpointer-arith -Wshadow  -Wsign-promo'
===== BUILD LOG =====
Change Dir: /home/zion/Desktop/CPP-study/12.opencv/opencv-3.4.14/build/CMakeFiles/CMakeTmp

Run Build Command:"/usr/bin/make" "cmTC_5d756/fast"
/usr/bin/make -f CMakeFiles/cmTC_5d756.dir/build.make CMakeFiles/cmTC_5d756.dir/build
make[1]: Entering directory '/home/zion/Desktop/CPP-study/12.opencv/opencv-3.4.14/build/CMakeFiles/CMakeTmp'
Building C object CMakeFiles/cmTC_5d756.dir/src.c.o
/usr/bin/cc   -O3 -DNDEBUG -fPIE   -fsigned-char -W -Wall -Werror=return-type -Werror=address -Werror=sequence-point -Wformat -Werror=format-security -Wmissing-declarations -Wmissing-prototypes -Wstrict-prototypes -Wundef -Winit-self -Wpointer-arith -Wshadow -Wsign-promo -o CMakeFiles/cmTC_5d756.dir/src.c.o   -c /home/zion/Desktop/CPP-study/12.opencv/opencv-3.4.14/build/CMakeFiles/CMakeTmp/src.c
cc1: warning: command line option ‘-Wsign-promo’ is valid for C++/ObjC++ but not for C
/home/zion/Desktop/CPP-study/12.opencv/opencv-3.4.14/build/CMakeFiles/CMakeTmp/src.c:1:0: warning: ignoring #pragma   [-Wunknown-pragmas]
 #pragma
 
Linking C executable cmTC_5d756
/usr/bin/cmake -E cmake_link_script CMakeFiles/cmTC_5d756.dir/link.txt --verbose=1
/usr/bin/cc   -O3 -DNDEBUG    -rdynamic CMakeFiles/cmTC_5d756.dir/src.c.o  -o cmTC_5d756 
make[1]: Leaving directory '/home/zion/Desktop/CPP-study/12.opencv/opencv-3.4.14/build/CMakeFiles/CMakeTmp'

===== END =====

Build output check failed:
    Regex: 'command[- ]line option .* is valid for .* but not for C'
    Output line: 'cc1: warning: command line option ‘-Wsuggest-override’ is valid for C++/ObjC++ but not for C'
Compilation failed:
    source file: '/home/zion/Desktop/CPP-study/12.opencv/opencv-3.4.14/build/CMakeFiles/CMakeTmp/src.c'
    check option: ' -fsigned-char -W -Wall -Werror=return-type -Werror=address -Werror=sequence-point -Wformat -Werror=format-security -Wmissing-declarations -Wmissing-prototypes -Wstrict-prototypes -Wundef -Winit-self -Wpointer-arith -Wshadow -Wuninitialized  -Wsuggest-override'
===== BUILD LOG =====
Change Dir: /home/zion/Desktop/CPP-study/12.opencv/opencv-3.4.14/build/CMakeFiles/CMakeTmp

Run Build Command:"/usr/bin/make" "cmTC_75577/fast"
/usr/bin/make -f CMakeFiles/cmTC_75577.dir/build.make CMakeFiles/cmTC_75577.dir/build
make[1]: Entering directory '/home/zion/Desktop/CPP-study/12.opencv/opencv-3.4.14/build/CMakeFiles/CMakeTmp'
Building C object CMakeFiles/cmTC_75577.dir/src.c.o
/usr/bin/cc   -O3 -DNDEBUG -fPIE   -fsigned-char -W -Wall -Werror=return-type -Werror=address -Werror=sequence-point -Wformat -Werror=format-security -Wmissing-declarations -Wmissing-prototypes -Wstrict-prototypes -Wundef -Winit-self -Wpointer-arith -Wshadow -Wuninitialized -Wsuggest-override -o CMakeFiles/cmTC_75577.dir/src.c.o   -c /home/zion/Desktop/CPP-study/12.opencv/opencv-3.4.14/build/CMakeFiles/CMakeTmp/src.c
cc1: warning: command line option ‘-Wsuggest-override’ is valid for C++/ObjC++ but not for C
/home/zion/Desktop/CPP-study/12.opencv/opencv-3.4.14/build/CMakeFiles/CMakeTmp/src.c:1:0: warning: ignoring #pragma   [-Wunknown-pragmas]
 #pragma
 
Linking C executable cmTC_75577
/usr/bin/cmake -E cmake_link_script CMakeFiles/cmTC_75577.dir/link.txt --verbose=1
/usr/bin/cc   -O3 -DNDEBUG    -rdynamic CMakeFiles/cmTC_75577.dir/src.c.o  -o cmTC_75577 
make[1]: Leaving directory '/home/zion/Desktop/CPP-study/12.opencv/opencv-3.4.14/build/CMakeFiles/CMakeTmp'

===== END =====

Build output check failed:
    Regex: 'command[- ]line option .* is valid for .* but not for C'
    Output line: 'cc1: warning: command line option ‘-Wno-delete-non-virtual-dtor’ is valid for C++/ObjC++ but not for C'
Compilation failed:
    source file: '/home/zion/Desktop/CPP-study/12.opencv/opencv-3.4.14/build/CMakeFiles/CMakeTmp/src.c'
    check option: ' -fsigned-char -W -Wall -Werror=return-type -Werror=address -Werror=sequence-point -Wformat -Werror=format-security -Wmissing-declarations -Wmissing-prototypes -Wstrict-prototypes -Wundef -Winit-self -Wpointer-arith -Wshadow -Wuninitialized  -Wno-delete-non-virtual-dtor'
===== BUILD LOG =====
Change Dir: /home/zion/Desktop/CPP-study/12.opencv/opencv-3.4.14/build/CMakeFiles/CMakeTmp

Run Build Command:"/usr/bin/make" "cmTC_aee7f/fast"
/usr/bin/make -f CMakeFiles/cmTC_aee7f.dir/build.make CMakeFiles/cmTC_aee7f.dir/build
make[1]: Entering directory '/home/zion/Desktop/CPP-study/12.opencv/opencv-3.4.14/build/CMakeFiles/CMakeTmp'
Building C object CMakeFiles/cmTC_aee7f.dir/src.c.o
/usr/bin/cc   -O3 -DNDEBUG -fPIE   -fsigned-char -W -Wall -Werror=return-type -Werror=address -Werror=sequence-point -Wformat -Werror=format-security -Wmissing-declarations -Wmissing-prototypes -Wstrict-prototypes -Wundef -Winit-self -Wpointer-arith -Wshadow -Wuninitialized -Wno-delete-non-virtual-dtor -o CMakeFiles/cmTC_aee7f.dir/src.c.o   -c /home/zion/Desktop/CPP-study/12.opencv/opencv-3.4.14/build/CMakeFiles/CMakeTmp/src.c
cc1: warning: command line option ‘-Wno-delete-non-virtual-dtor’ is valid for C++/ObjC++ but not for C
/home/zion/Desktop/CPP-study/12.opencv/opencv-3.4.14/build/CMakeFiles/CMakeTmp/src.c:1:0: warning: ignoring #pragma   [-Wunknown-pragmas]
 #pragma
 
Linking C executable cmTC_aee7f
/usr/bin/cmake -E cmake_link_script CMakeFiles/cmTC_aee7f.dir/link.txt --verbose=1
/usr/bin/cc   -O3 -DNDEBUG    -rdynamic CMakeFiles/cmTC_aee7f.dir/src.c.o  -o cmTC_aee7f 
make[1]: Leaving directory '/home/zion/Desktop/CPP-study/12.opencv/opencv-3.4.14/build/CMakeFiles/CMakeTmp'

===== END =====

Build output check failed:
    Regex: 'unrecognized .*option'
    Output line: 'cc1plus: warning: unrecognized command line option ‘-Wno-unnamed-type-template-args’'
Compilation failed:
    source file: '/home/zion/Desktop/CPP-study/12.opencv/opencv-3.4.14/build/CMakeFiles/CMakeTmp/src.cxx'
    check option: ' -fsigned-char -W -Wall -Werror=return-type -Werror=non-virtual-dtor -Werror=address -Werror=sequence-point -Wformat -Werror=format-security -Wmissing-declarations -Wundef -Winit-self -Wpointer-arith -Wshadow -Wsign-promo -Wuninitialized -Wsuggest-override -Wno-delete-non-virtual-dtor  -Wno-unnamed-type-template-args'
===== BUILD LOG =====
Change Dir: /home/zion/Desktop/CPP-study/12.opencv/opencv-3.4.14/build/CMakeFiles/CMakeTmp

Run Build Command:"/usr/bin/make" "cmTC_de6c7/fast"
/usr/bin/make -f CMakeFiles/cmTC_de6c7.dir/build.make CMakeFiles/cmTC_de6c7.dir/build
make[1]: Entering directory '/home/zion/Desktop/CPP-study/12.opencv/opencv-3.4.14/build/CMakeFiles/CMakeTmp'
Building CXX object CMakeFiles/cmTC_de6c7.dir/src.cxx.o
/usr/bin/c++    -O3 -DNDEBUG -fPIE   -fsigned-char -W -Wall -Werror=return-type -Werror=non-virtual-dtor -Werror=address -Werror=sequence-point -Wformat -Werror=format-security -Wmissing-declarations -Wundef -Winit-self -Wpointer-arith -Wshadow -Wsign-promo -Wuninitialized -Wsuggest-override -Wno-delete-non-virtual-dtor -Wno-unnamed-type-template-args -o CMakeFiles/cmTC_de6c7.dir/src.cxx.o -c /home/zion/Desktop/CPP-study/12.opencv/opencv-3.4.14/build/CMakeFiles/CMakeTmp/src.cxx
/home/zion/Desktop/CPP-study/12.opencv/opencv-3.4.14/build/CMakeFiles/CMakeTmp/src.cxx:1:0: warning: ignoring #pragma   [-Wunknown-pragmas]
 #pragma
 
cc1plus: warning: unrecognized command line option ‘-Wno-unnamed-type-template-args’
Linking CXX executable cmTC_de6c7
/usr/bin/cmake -E cmake_link_script CMakeFiles/cmTC_de6c7.dir/link.txt --verbose=1
/usr/bin/c++    -O3 -DNDEBUG    -rdynamic CMakeFiles/cmTC_de6c7.dir/src.cxx.o  -o cmTC_de6c7 
make[1]: Leaving directory '/home/zion/Desktop/CPP-study/12.opencv/opencv-3.4.14/build/CMakeFiles/CMakeTmp'

===== END =====

Build output check failed:
    Regex: 'unrecognized .*option'
    Output line: 'cc1: warning: unrecognized command line option ‘-Wno-unnamed-type-template-args’'
Compilation failed:
    source file: '/home/zion/Desktop/CPP-study/12.opencv/opencv-3.4.14/build/CMakeFiles/CMakeTmp/src.c'
    check option: ' -fsigned-char -W -Wall -Werror=return-type -Werror=address -Werror=sequence-point -Wformat -Werror=format-security -Wmissing-declarations -Wmissing-prototypes -Wstrict-prototypes -Wundef -Winit-self -Wpointer-arith -Wshadow -Wuninitialized  -Wno-unnamed-type-template-args'
===== BUILD LOG =====
Change Dir: /home/zion/Desktop/CPP-study/12.opencv/opencv-3.4.14/build/CMakeFiles/CMakeTmp

Run Build Command:"/usr/bin/make" "cmTC_4f8be/fast"
/usr/bin/make -f CMakeFiles/cmTC_4f8be.dir/build.make CMakeFiles/cmTC_4f8be.dir/build
make[1]: Entering directory '/home/zion/Desktop/CPP-study/12.opencv/opencv-3.4.14/build/CMakeFiles/CMakeTmp'
Building C object CMakeFiles/cmTC_4f8be.dir/src.c.o
/usr/bin/cc   -O3 -DNDEBUG -fPIE   -fsigned-char -W -Wall -Werror=return-type -Werror=address -Werror=sequence-point -Wformat -Werror=format-security -Wmissing-declarations -Wmissing-prototypes -Wstrict-prototypes -Wundef -Winit-self -Wpointer-arith -Wshadow -Wuninitialized -Wno-unnamed-type-template-args -o CMakeFiles/cmTC_4f8be.dir/src.c.o   -c /home/zion/Desktop/CPP-study/12.opencv/opencv-3.4.14/build/CMakeFiles/CMakeTmp/src.c
/home/zion/Desktop/CPP-study/12.opencv/opencv-3.4.14/build/CMakeFiles/CMakeTmp/src.c:1:0: warning: ignoring #pragma   [-Wunknown-pragmas]
 #pragma
 
cc1: warning: unrecognized command line option ‘-Wno-unnamed-type-template-args’
Linking C executable cmTC_4f8be
/usr/bin/cmake -E cmake_link_script CMakeFiles/cmTC_4f8be.dir/link.txt --verbose=1
/usr/bin/cc   -O3 -DNDEBUG    -rdynamic CMakeFiles/cmTC_4f8be.dir/src.c.o  -o cmTC_4f8be 
make[1]: Leaving directory '/home/zion/Desktop/CPP-study/12.opencv/opencv-3.4.14/build/CMakeFiles/CMakeTmp'

===== END =====

Build output check failed:
    Regex: 'command[- ]line option .* is valid for .* but not for C'
    Output line: 'cc1: warning: command line option ‘-fvisibility-inlines-hidden’ is valid for C++/ObjC++ but not for C'
Compilation failed:
    source file: '/home/zion/Desktop/CPP-study/12.opencv/opencv-3.4.14/build/CMakeFiles/CMakeTmp/src.c'
    check option: ' -fsigned-char -W -Wall -Werror=return-type -Werror=address -Werror=sequence-point -Wformat -Werror=format-security -Wmissing-declarations -Wmissing-prototypes -Wstrict-prototypes -Wundef -Winit-self -Wpointer-arith -Wshadow -Wuninitialized -Wno-comment -Wimplicit-fallthrough=3 -Wno-strict-overflow -fdiagnostics-show-option -Wno-long-long -pthread -fomit-frame-pointer -ffunction-sections -fdata-sections  -msse -msse2 -msse3 -fvisibility=hidden  -fvisibility-inlines-hidden'
===== BUILD LOG =====
Change Dir: /home/zion/Desktop/CPP-study/12.opencv/opencv-3.4.14/build/CMakeFiles/CMakeTmp

Run Build Command:"/usr/bin/make" "cmTC_21399/fast"
/usr/bin/make -f CMakeFiles/cmTC_21399.dir/build.make CMakeFiles/cmTC_21399.dir/build
make[1]: Entering directory '/home/zion/Desktop/CPP-study/12.opencv/opencv-3.4.14/build/CMakeFiles/CMakeTmp'
Building C object CMakeFiles/cmTC_21399.dir/src.c.o
/usr/bin/cc   -O3 -DNDEBUG -fPIE   -fsigned-char -W -Wall -Werror=return-type -Werror=address -Werror=sequence-point -Wformat -Werror=format-security -Wmissing-declarations -Wmissing-prototypes -Wstrict-prototypes -Wundef -Winit-self -Wpointer-arith -Wshadow -Wuninitialized -Wno-comment -Wimplicit-fallthrough=3 -Wno-strict-overflow -fdiagnostics-show-option -Wno-long-long -pthread -fomit-frame-pointer -ffunction-sections -fdata-sections -msse -msse2 -msse3 -fvisibility=hidden -fvisibility-inlines-hidden -o CMakeFiles/cmTC_21399.dir/src.c.o   -c /home/zion/Desktop/CPP-study/12.opencv/opencv-3.4.14/build/CMakeFiles/CMakeTmp/src.c
cc1: warning: command line option ‘-fvisibility-inlines-hidden’ is valid for C++/ObjC++ but not for C
/home/zion/Desktop/CPP-study/12.opencv/opencv-3.4.14/build/CMakeFiles/CMakeTmp/src.c:1:0: warning: ignoring #pragma   [-Wunknown-pragmas]
 #pragma
 
Linking C executable cmTC_21399
/usr/bin/cmake -E cmake_link_script CMakeFiles/cmTC_21399.dir/link.txt --verbose=1
/usr/bin/cc   -O3 -DNDEBUG    -rdynamic CMakeFiles/cmTC_21399.dir/src.c.o  -o cmTC_21399 
make[1]: Leaving directory '/home/zion/Desktop/CPP-study/12.opencv/opencv-3.4.14/build/CMakeFiles/CMakeTmp'

===== END =====

Build output check failed:
    Regex: 'unrecognized .*option'
    Output line: 'cc1: warning: unrecognized command line option ‘-Wno-shorten-64-to-32’'
Compilation failed:
    source file: '/home/zion/Desktop/CPP-study/12.opencv/opencv-3.4.14/build/CMakeFiles/CMakeTmp/src.c'
    check option: ' -Wno-shorten-64-to-32'
===== BUILD LOG =====
Change Dir: /home/zion/Desktop/CPP-study/12.opencv/opencv-3.4.14/build/CMakeFiles/CMakeTmp

Run Build Command:"/usr/bin/make" "cmTC_2231a/fast"
/usr/bin/make -f CMakeFiles/cmTC_2231a.dir/build.make CMakeFiles/cmTC_2231a.dir/build
make[1]: Entering directory '/home/zion/Desktop/CPP-study/12.opencv/opencv-3.4.14/build/CMakeFiles/CMakeTmp'
Building C object CMakeFiles/cmTC_2231a.dir/src.c.o
/usr/bin/cc   -fsigned-char -W -Wall -Werror=return-type -Werror=address -Werror=sequence-point -Wformat -Werror=format-security -Wmissing-declarations -Wmissing-prototypes -Wstrict-prototypes -Wundef -Winit-self -Wpointer-arith -Wshadow -Wuninitialized -Wno-comment -Wimplicit-fallthrough=3 -Wno-strict-overflow -fdiagnostics-show-option -Wno-long-long -pthread -fomit-frame-pointer -ffunction-sections -fdata-sections  -msse -msse2 -msse3 -fvisibility=hidden -Wno-unused-parameter -Wno-sign-compare  -O3 -DNDEBUG  -DNDEBUG -fPIE   -Wno-shorten-64-to-32 -o CMakeFiles/cmTC_2231a.dir/src.c.o   -c /home/zion/Desktop/CPP-study/12.opencv/opencv-3.4.14/build/CMakeFiles/CMakeTmp/src.c
/home/zion/Desktop/CPP-study/12.opencv/opencv-3.4.14/build/CMakeFiles/CMakeTmp/src.c:1:0: warning: ignoring #pragma   [-Wunknown-pragmas]
 #pragma
 
cc1: warning: unrecognized command line option ‘-Wno-shorten-64-to-32’
Linking C executable cmTC_2231a
/usr/bin/cmake -E cmake_link_script CMakeFiles/cmTC_2231a.dir/link.txt --verbose=1
/usr/bin/cc    -fsigned-char -W -Wall -Werror=return-type -Werror=address -Werror=sequence-point -Wformat -Werror=format-security -Wmissing-declarations -Wmissing-prototypes -Wstrict-prototypes -Wundef -Winit-self -Wpointer-arith -Wshadow -Wuninitialized -Wno-comment -Wimplicit-fallthrough=3 -Wno-strict-overflow -fdiagnostics-show-option -Wno-long-long -pthread -fomit-frame-pointer -ffunction-sections -fdata-sections  -msse -msse2 -msse3 -fvisibility=hidden -Wno-unused-parameter -Wno-sign-compare  -O3 -DNDEBUG  -DNDEBUG    -Wl,--gc-sections -Wl,--as-needed  -rdynamic CMakeFiles/cmTC_2231a.dir/src.c.o  -o cmTC_2231a 
make[1]: Leaving directory '/home/zion/Desktop/CPP-study/12.opencv/opencv-3.4.14/build/CMakeFiles/CMakeTmp'

===== END =====

Determining if the include file io.h exists failed with the following output:
Change Dir: /home/zion/Desktop/CPP-study/12.opencv/opencv-3.4.14/build/CMakeFiles/CMakeTmp

Run Build Command:"/usr/bin/make" "cmTC_aaff4/fast"
/usr/bin/make -f CMakeFiles/cmTC_aaff4.dir/build.make CMakeFiles/cmTC_aaff4.dir/build
make[1]: Entering directory '/home/zion/Desktop/CPP-study/12.opencv/opencv-3.4.14/build/CMakeFiles/CMakeTmp'
Building C object CMakeFiles/cmTC_aaff4.dir/CheckIncludeFile.c.o
/usr/bin/cc   -fsigned-char -W -Wall -Werror=return-type -Werror=address -Werror=sequence-point -Wformat -Werror=format-security -Wmissing-declarations -Wmissing-prototypes -Wstrict-prototypes -Wundef -Winit-self -Wpointer-arith -Wshadow -Wuninitialized -Wno-comment -Wimplicit-fallthrough=3 -Wno-strict-overflow -fdiagnostics-show-option -Wno-long-long -pthread -fomit-frame-pointer -ffunction-sections -fdata-sections  -msse -msse2 -msse3 -fvisibility=hidden  -O3 -DNDEBUG  -DNDEBUG -fPIE   -o CMakeFiles/cmTC_aaff4.dir/CheckIncludeFile.c.o   -c /home/zion/Desktop/CPP-study/12.opencv/opencv-3.4.14/build/CMakeFiles/CMakeTmp/CheckIncludeFile.c
/home/zion/Desktop/CPP-study/12.opencv/opencv-3.4.14/build/CMakeFiles/CMakeTmp/CheckIncludeFile.c:1:10: fatal error: io.h: No such file or directory
 #include <io.h>
          ^~~~~~
compilation terminated.
CMakeFiles/cmTC_aaff4.dir/build.make:65: recipe for target 'CMakeFiles/cmTC_aaff4.dir/CheckIncludeFile.c.o' failed
make[1]: *** [CMakeFiles/cmTC_aaff4.dir/CheckIncludeFile.c.o] Error 1
make[1]: Leaving directory '/home/zion/Desktop/CPP-study/12.opencv/opencv-3.4.14/build/CMakeFiles/CMakeTmp'
Makefile:126: recipe for target 'cmTC_aaff4/fast' failed
make: *** [cmTC_aaff4/fast] Error 2


Determining size of INT8 failed with the following output:
Change Dir: /home/zion/Desktop/CPP-study/12.opencv/opencv-3.4.14/build/CMakeFiles/CMakeTmp

Run Build Command:"/usr/bin/make" "cmTC_38485/fast"
/usr/bin/make -f CMakeFiles/cmTC_38485.dir/build.make CMakeFiles/cmTC_38485.dir/build
make[1]: Entering directory '/home/zion/Desktop/CPP-study/12.opencv/opencv-3.4.14/build/CMakeFiles/CMakeTmp'
Building C object CMakeFiles/cmTC_38485.dir/int8.c.o
/usr/bin/cc   -fsigned-char -W -Wall -Werror=return-type -Werror=address -Werror=sequence-point -Wformat -Werror=format-security -Wmissing-declarations -Wmissing-prototypes -Wstrict-prototypes -Wundef -Winit-self -Wpointer-arith -Wshadow -Wuninitialized -Wno-comment -Wimplicit-fallthrough=3 -Wno-strict-overflow -fdiagnostics-show-option -Wno-long-long -pthread -fomit-frame-pointer -ffunction-sections -fdata-sections  -msse -msse2 -msse3 -fvisibility=hidden  -O3 -DNDEBUG  -DNDEBUG -fPIE   -o CMakeFiles/cmTC_38485.dir/int8.c.o   -c /home/zion/Desktop/CPP-study/12.opencv/opencv-3.4.14/build/CMakeFiles/CheckTypeSize/int8.c
/home/zion/Desktop/CPP-study/12.opencv/opencv-3.4.14/build/CMakeFiles/CheckTypeSize/int8.c:23:22: error: ‘INT8’ undeclared here (not in a function); did you mean ‘INT8_C’?
 #define SIZE (sizeof(INT8))
                      ^
/home/zion/Desktop/CPP-study/12.opencv/opencv-3.4.14/build/CMakeFiles/CheckTypeSize/int8.c:25:12: note: in expansion of macro ‘SIZE’
   ('0' + ((SIZE / 10000)%10)),
            ^~~~
CMakeFiles/cmTC_38485.dir/build.make:65: recipe for target 'CMakeFiles/cmTC_38485.dir/int8.c.o' failed
make[1]: *** [CMakeFiles/cmTC_38485.dir/int8.c.o] Error 1
make[1]: Leaving directory '/home/zion/Desktop/CPP-study/12.opencv/opencv-3.4.14/build/CMakeFiles/CMakeTmp'
Makefile:126: recipe for target 'cmTC_38485/fast' failed
make: *** [cmTC_38485/fast] Error 2

/home/zion/Desktop/CPP-study/12.opencv/opencv-3.4.14/build/CMakeFiles/CheckTypeSize/int8.c:
#include <sys/types.h>
#include <stdint.h>
#include <stddef.h>


#undef KEY
#if defined(__i386)
# define KEY '_','_','i','3','8','6'
#elif defined(__x86_64)
# define KEY '_','_','x','8','6','_','6','4'
#elif defined(__ppc__)
# define KEY '_','_','p','p','c','_','_'
#elif defined(__ppc64__)
# define KEY '_','_','p','p','c','6','4','_','_'
#elif defined(__aarch64__)
# define KEY '_','_','a','a','r','c','h','6','4','_','_'
#elif defined(__ARM_ARCH_7A__)
# define KEY '_','_','A','R','M','_','A','R','C','H','_','7','A','_','_'
#elif defined(__ARM_ARCH_7S__)
# define KEY '_','_','A','R','M','_','A','R','C','H','_','7','S','_','_'
#endif

#define SIZE (sizeof(INT8))
char info_size[] =  {'I', 'N', 'F', 'O', ':', 's','i','z','e','[',
  ('0' + ((SIZE / 10000)%10)),
  ('0' + ((SIZE / 1000)%10)),
  ('0' + ((SIZE / 100)%10)),
  ('0' + ((SIZE / 10)%10)),
  ('0' +  (SIZE    % 10)),
  ']',
#ifdef KEY
  ' ','k','e','y','[', KEY, ']',
#endif
  '\0'};

#ifdef __CLASSIC_C__
int main(argc, argv) int argc; char *argv[];
#else
int main(int argc, char *argv[])
#endif
{
  int require = 0;
  require += info_size[argc];
  (void)argv;
  return require;
}


Determining size of INT16 failed with the following output:
Change Dir: /home/zion/Desktop/CPP-study/12.opencv/opencv-3.4.14/build/CMakeFiles/CMakeTmp

Run Build Command:"/usr/bin/make" "cmTC_21b0f/fast"
/usr/bin/make -f CMakeFiles/cmTC_21b0f.dir/build.make CMakeFiles/cmTC_21b0f.dir/build
make[1]: Entering directory '/home/zion/Desktop/CPP-study/12.opencv/opencv-3.4.14/build/CMakeFiles/CMakeTmp'
Building C object CMakeFiles/cmTC_21b0f.dir/int16.c.o
/usr/bin/cc   -fsigned-char -W -Wall -Werror=return-type -Werror=address -Werror=sequence-point -Wformat -Werror=format-security -Wmissing-declarations -Wmissing-prototypes -Wstrict-prototypes -Wundef -Winit-self -Wpointer-arith -Wshadow -Wuninitialized -Wno-comment -Wimplicit-fallthrough=3 -Wno-strict-overflow -fdiagnostics-show-option -Wno-long-long -pthread -fomit-frame-pointer -ffunction-sections -fdata-sections  -msse -msse2 -msse3 -fvisibility=hidden  -O3 -DNDEBUG  -DNDEBUG -fPIE   -o CMakeFiles/cmTC_21b0f.dir/int16.c.o   -c /home/zion/Desktop/CPP-study/12.opencv/opencv-3.4.14/build/CMakeFiles/CheckTypeSize/int16.c
/home/zion/Desktop/CPP-study/12.opencv/opencv-3.4.14/build/CMakeFiles/CheckTypeSize/int16.c:23:22: error: ‘INT16’ undeclared here (not in a function); did you mean ‘INT16_C’?
 #define SIZE (sizeof(INT16))
                      ^
/home/zion/Desktop/CPP-study/12.opencv/opencv-3.4.14/build/CMakeFiles/CheckTypeSize/int16.c:25:12: note: in expansion of macro ‘SIZE’
   ('0' + ((SIZE / 10000)%10)),
            ^~~~
CMakeFiles/cmTC_21b0f.dir/build.make:65: recipe for target 'CMakeFiles/cmTC_21b0f.dir/int16.c.o' failed
make[1]: *** [CMakeFiles/cmTC_21b0f.dir/int16.c.o] Error 1
make[1]: Leaving directory '/home/zion/Desktop/CPP-study/12.opencv/opencv-3.4.14/build/CMakeFiles/CMakeTmp'
Makefile:126: recipe for target 'cmTC_21b0f/fast' failed
make: *** [cmTC_21b0f/fast] Error 2

/home/zion/Desktop/CPP-study/12.opencv/opencv-3.4.14/build/CMakeFiles/CheckTypeSize/int16.c:
#include <sys/types.h>
#include <stdint.h>
#include <stddef.h>


#undef KEY
#if defined(__i386)
# define KEY '_','_','i','3','8','6'
#elif defined(__x86_64)
# define KEY '_','_','x','8','6','_','6','4'
#elif defined(__ppc__)
# define KEY '_','_','p','p','c','_','_'
#elif defined(__ppc64__)
# define KEY '_','_','p','p','c','6','4','_','_'
#elif defined(__aarch64__)
# define KEY '_','_','a','a','r','c','h','6','4','_','_'
#elif defined(__ARM_ARCH_7A__)
# define KEY '_','_','A','R','M','_','A','R','C','H','_','7','A','_','_'
#elif defined(__ARM_ARCH_7S__)
# define KEY '_','_','A','R','M','_','A','R','C','H','_','7','S','_','_'
#endif

#define SIZE (sizeof(INT16))
char info_size[] =  {'I', 'N', 'F', 'O', ':', 's','i','z','e','[',
  ('0' + ((SIZE / 10000)%10)),
  ('0' + ((SIZE / 1000)%10)),
  ('0' + ((SIZE / 100)%10)),
  ('0' + ((SIZE / 10)%10)),
  ('0' +  (SIZE    % 10)),
  ']',
#ifdef KEY
  ' ','k','e','y','[', KEY, ']',
#endif
  '\0'};

#ifdef __CLASSIC_C__
int main(argc, argv) int argc; char *argv[];
#else
int main(int argc, char *argv[])
#endif
{
  int require = 0;
  require += info_size[argc];
  (void)argv;
  return require;
}


Determining size of INT32 failed with the following output:
Change Dir: /home/zion/Desktop/CPP-study/12.opencv/opencv-3.4.14/build/CMakeFiles/CMakeTmp

Run Build Command:"/usr/bin/make" "cmTC_29368/fast"
/usr/bin/make -f CMakeFiles/cmTC_29368.dir/build.make CMakeFiles/cmTC_29368.dir/build
make[1]: Entering directory '/home/zion/Desktop/CPP-study/12.opencv/opencv-3.4.14/build/CMakeFiles/CMakeTmp'
Building C object CMakeFiles/cmTC_29368.dir/int32.c.o
/usr/bin/cc   -fsigned-char -W -Wall -Werror=return-type -Werror=address -Werror=sequence-point -Wformat -Werror=format-security -Wmissing-declarations -Wmissing-prototypes -Wstrict-prototypes -Wundef -Winit-self -Wpointer-arith -Wshadow -Wuninitialized -Wno-comment -Wimplicit-fallthrough=3 -Wno-strict-overflow -fdiagnostics-show-option -Wno-long-long -pthread -fomit-frame-pointer -ffunction-sections -fdata-sections  -msse -msse2 -msse3 -fvisibility=hidden  -O3 -DNDEBUG  -DNDEBUG -fPIE   -o CMakeFiles/cmTC_29368.dir/int32.c.o   -c /home/zion/Desktop/CPP-study/12.opencv/opencv-3.4.14/build/CMakeFiles/CheckTypeSize/int32.c
/home/zion/Desktop/CPP-study/12.opencv/opencv-3.4.14/build/CMakeFiles/CheckTypeSize/int32.c:23:22: error: ‘INT32’ undeclared here (not in a function); did you mean ‘INT32_C’?
 #define SIZE (sizeof(INT32))
                      ^
/home/zion/Desktop/CPP-study/12.opencv/opencv-3.4.14/build/CMakeFiles/CheckTypeSize/int32.c:25:12: note: in expansion of macro ‘SIZE’
   ('0' + ((SIZE / 10000)%10)),
            ^~~~
CMakeFiles/cmTC_29368.dir/build.make:65: recipe for target 'CMakeFiles/cmTC_29368.dir/int32.c.o' failed
make[1]: *** [CMakeFiles/cmTC_29368.dir/int32.c.o] Error 1
make[1]: Leaving directory '/home/zion/Desktop/CPP-study/12.opencv/opencv-3.4.14/build/CMakeFiles/CMakeTmp'
Makefile:126: recipe for target 'cmTC_29368/fast' failed
make: *** [cmTC_29368/fast] Error 2

/home/zion/Desktop/CPP-study/12.opencv/opencv-3.4.14/build/CMakeFiles/CheckTypeSize/int32.c:
#include <sys/types.h>
#include <stdint.h>
#include <stddef.h>


#undef KEY
#if defined(__i386)
# define KEY '_','_','i','3','8','6'
#elif defined(__x86_64)
# define KEY '_','_','x','8','6','_','6','4'
#elif defined(__ppc__)
# define KEY '_','_','p','p','c','_','_'
#elif defined(__ppc64__)
# define KEY '_','_','p','p','c','6','4','_','_'
#elif defined(__aarch64__)
# define KEY '_','_','a','a','r','c','h','6','4','_','_'
#elif defined(__ARM_ARCH_7A__)
# define KEY '_','_','A','R','M','_','A','R','C','H','_','7','A','_','_'
#elif defined(__ARM_ARCH_7S__)
# define KEY '_','_','A','R','M','_','A','R','C','H','_','7','S','_','_'
#endif

#define SIZE (sizeof(INT32))
char info_size[] =  {'I', 'N', 'F', 'O', ':', 's','i','z','e','[',
  ('0' + ((SIZE / 10000)%10)),
  ('0' + ((SIZE / 1000)%10)),
  ('0' + ((SIZE / 100)%10)),
  ('0' + ((SIZE / 10)%10)),
  ('0' +  (SIZE    % 10)),
  ']',
#ifdef KEY
  ' ','k','e','y','[', KEY, ']',
#endif
  '\0'};

#ifdef __CLASSIC_C__
int main(argc, argv) int argc; char *argv[];
#else
int main(int argc, char *argv[])
#endif
{
  int require = 0;
  require += info_size[argc];
  (void)argv;
  return require;
}


Determining if the function setmode exists failed with the following output:
Change Dir: /home/zion/Desktop/CPP-study/12.opencv/opencv-3.4.14/build/CMakeFiles/CMakeTmp

Run Build Command:"/usr/bin/make" "cmTC_350bb/fast"
/usr/bin/make -f CMakeFiles/cmTC_350bb.dir/build.make CMakeFiles/cmTC_350bb.dir/build
make[1]: Entering directory '/home/zion/Desktop/CPP-study/12.opencv/opencv-3.4.14/build/CMakeFiles/CMakeTmp'
Building C object CMakeFiles/cmTC_350bb.dir/CheckFunctionExists.c.o
/usr/bin/cc   -fsigned-char -W -Wall -Werror=return-type -Werror=address -Werror=sequence-point -Wformat -Werror=format-security -Wmissing-declarations -Wmissing-prototypes -Wstrict-prototypes -Wundef -Winit-self -Wpointer-arith -Wshadow -Wuninitialized -Wno-comment -Wimplicit-fallthrough=3 -Wno-strict-overflow -fdiagnostics-show-option -Wno-long-long -pthread -fomit-frame-pointer -ffunction-sections -fdata-sections  -msse -msse2 -msse3 -fvisibility=hidden -DCHECK_FUNCTION_EXISTS=setmode -O3 -DNDEBUG  -DNDEBUG -fPIE   -o CMakeFiles/cmTC_350bb.dir/CheckFunctionExists.c.o   -c /usr/share/cmake-3.10/Modules/CheckFunctionExists.c
Linking C executable cmTC_350bb
/usr/bin/cmake -E cmake_link_script CMakeFiles/cmTC_350bb.dir/link.txt --verbose=1
/usr/bin/cc    -fsigned-char -W -Wall -Werror=return-type -Werror=address -Werror=sequence-point -Wformat -Werror=format-security -Wmissing-declarations -Wmissing-prototypes -Wstrict-prototypes -Wundef -Winit-self -Wpointer-arith -Wshadow -Wuninitialized -Wno-comment -Wimplicit-fallthrough=3 -Wno-strict-overflow -fdiagnostics-show-option -Wno-long-long -pthread -fomit-frame-pointer -ffunction-sections -fdata-sections  -msse -msse2 -msse3 -fvisibility=hidden -DCHECK_FUNCTION_EXISTS=setmode -O3 -DNDEBUG  -DNDEBUG    -Wl,--gc-sections -Wl,--as-needed  -rdynamic CMakeFiles/cmTC_350bb.dir/CheckFunctionExists.c.o  -o cmTC_350bb 
CMakeFiles/cmTC_350bb.dir/CheckFunctionExists.c.o: In function `main':
CheckFunctionExists.c:(.text.startup.main+0xc): undefined reference to `setmode'
collect2: error: ld returned 1 exit status
CMakeFiles/cmTC_350bb.dir/build.make:97: recipe for target 'cmTC_350bb' failed
make[1]: *** [cmTC_350bb] Error 1
make[1]: Leaving directory '/home/zion/Desktop/CPP-study/12.opencv/opencv-3.4.14/build/CMakeFiles/CMakeTmp'
Makefile:126: recipe for target 'cmTC_350bb/fast' failed
make: *** [cmTC_350bb/fast] Error 2


Build output check failed:
    Regex: 'command[- ]line option .* is valid for .* but not for C\+\+'
    Output line: 'cc1plus: warning: command line option ‘-Wno-missing-prototypes’ is valid for C/ObjC but not for C++'
Compilation failed:
    source file: '/home/zion/Desktop/CPP-study/12.opencv/opencv-3.4.14/build/CMakeFiles/CMakeTmp/src.cxx'
    check option: ' -Wno-missing-prototypes'
===== BUILD LOG =====
Change Dir: /home/zion/Desktop/CPP-study/12.opencv/opencv-3.4.14/build/CMakeFiles/CMakeTmp

Run Build Command:"/usr/bin/make" "cmTC_fc2db/fast"
/usr/bin/make -f CMakeFiles/cmTC_fc2db.dir/build.make CMakeFiles/cmTC_fc2db.dir/build
make[1]: Entering directory '/home/zion/Desktop/CPP-study/12.opencv/opencv-3.4.14/build/CMakeFiles/CMakeTmp'
Building CXX object CMakeFiles/cmTC_fc2db.dir/src.cxx.o
/usr/bin/c++    -fsigned-char -W -Wall -Werror=return-type -Werror=non-virtual-dtor -Werror=address -Werror=sequence-point -Wformat -Werror=format-security -Wundef -Winit-self -Wpointer-arith -Wshadow -Wsign-promo -Wuninitialized -Wsuggest-override -Wno-delete-non-virtual-dtor -Wno-comment -Wimplicit-fallthrough=3 -Wno-strict-overflow -fdiagnostics-show-option -Wno-long-long -pthread -fomit-frame-pointer -ffunction-sections -fdata-sections  -msse -msse2 -msse3 -fvisibility=hidden -fvisibility-inlines-hidden -Wno-missing-declarations -Wno-unused-parameter  -O3 -DNDEBUG  -DNDEBUG -fPIE   -Wno-missing-prototypes -o CMakeFiles/cmTC_fc2db.dir/src.cxx.o -c /home/zion/Desktop/CPP-study/12.opencv/opencv-3.4.14/build/CMakeFiles/CMakeTmp/src.cxx
cc1plus: warning: command line option ‘-Wno-missing-prototypes’ is valid for C/ObjC but not for C++
/home/zion/Desktop/CPP-study/12.opencv/opencv-3.4.14/build/CMakeFiles/CMakeTmp/src.cxx:1:0: warning: ignoring #pragma   [-Wunknown-pragmas]
 #pragma
 
Linking CXX executable cmTC_fc2db
/usr/bin/cmake -E cmake_link_script CMakeFiles/cmTC_fc2db.dir/link.txt --verbose=1
/usr/bin/c++     -fsigned-char -W -Wall -Werror=return-type -Werror=non-virtual-dtor -Werror=address -Werror=sequence-point -Wformat -Werror=format-security -Wundef -Winit-self -Wpointer-arith -Wshadow -Wsign-promo -Wuninitialized -Wsuggest-override -Wno-delete-non-virtual-dtor -Wno-comment -Wimplicit-fallthrough=3 -Wno-strict-overflow -fdiagnostics-show-option -Wno-long-long -pthread -fomit-frame-pointer -ffunction-sections -fdata-sections  -msse -msse2 -msse3 -fvisibility=hidden -fvisibility-inlines-hidden -Wno-missing-declarations -Wno-unused-parameter  -O3 -DNDEBUG  -DNDEBUG    -Wl,--gc-sections -Wl,--as-needed  -rdynamic CMakeFiles/cmTC_fc2db.dir/src.cxx.o  -o cmTC_fc2db 
make[1]: Leaving directory '/home/zion/Desktop/CPP-study/12.opencv/opencv-3.4.14/build/CMakeFiles/CMakeTmp'

===== END =====

Build output check failed:
    Regex: 'unrecognized .*option'
    Output line: 'cc1: warning: unrecognized command line option ‘-Wno-absolute-value’'
Compilation failed:
    source file: '/home/zion/Desktop/CPP-study/12.opencv/opencv-3.4.14/build/CMakeFiles/CMakeTmp/src.c'
    check option: ' -Wno-absolute-value'
===== BUILD LOG =====
Change Dir: /home/zion/Desktop/CPP-study/12.opencv/opencv-3.4.14/build/CMakeFiles/CMakeTmp

Run Build Command:"/usr/bin/make" "cmTC_2d755/fast"
/usr/bin/make -f CMakeFiles/cmTC_2d755.dir/build.make CMakeFiles/cmTC_2d755.dir/build
make[1]: Entering directory '/home/zion/Desktop/CPP-study/12.opencv/opencv-3.4.14/build/CMakeFiles/CMakeTmp'
Building C object CMakeFiles/cmTC_2d755.dir/src.c.o
/usr/bin/cc   -fsigned-char -W -Wall -Werror=return-type -Werror=address -Werror=sequence-point -Wformat -Werror=format-security -Wstrict-prototypes -Wundef -Winit-self -Wpointer-arith -Wuninitialized -Wno-comment -Wimplicit-fallthrough=3 -Wno-strict-overflow -fdiagnostics-show-option -Wno-long-long -pthread -fomit-frame-pointer -ffunction-sections -fdata-sections  -msse -msse2 -msse3 -fvisibility=hidden -Wno-implicit-function-declaration -Wno-uninitialized -Wno-missing-prototypes -Wno-unused-but-set-parameter -Wno-missing-declarations -Wno-unused -Wno-shadow -Wno-sign-compare -Wno-strict-overflow -Wno-pointer-compare  -O3 -DNDEBUG  -DNDEBUG -fPIE   -Wno-absolute-value -o CMakeFiles/cmTC_2d755.dir/src.c.o   -c /home/zion/Desktop/CPP-study/12.opencv/opencv-3.4.14/build/CMakeFiles/CMakeTmp/src.c
/home/zion/Desktop/CPP-study/12.opencv/opencv-3.4.14/build/CMakeFiles/CMakeTmp/src.c:1:0: warning: ignoring #pragma   [-Wunknown-pragmas]
 #pragma
 
cc1: warning: unrecognized command line option ‘-Wno-absolute-value’
Linking C executable cmTC_2d755
/usr/bin/cmake -E cmake_link_script CMakeFiles/cmTC_2d755.dir/link.txt --verbose=1
/usr/bin/cc    -fsigned-char -W -Wall -Werror=return-type -Werror=address -Werror=sequence-point -Wformat -Werror=format-security -Wstrict-prototypes -Wundef -Winit-self -Wpointer-arith -Wuninitialized -Wno-comment -Wimplicit-fallthrough=3 -Wno-strict-overflow -fdiagnostics-show-option -Wno-long-long -pthread -fomit-frame-pointer -ffunction-sections -fdata-sections  -msse -msse2 -msse3 -fvisibility=hidden -Wno-implicit-function-declaration -Wno-uninitialized -Wno-missing-prototypes -Wno-unused-but-set-parameter -Wno-missing-declarations -Wno-unused -Wno-shadow -Wno-sign-compare -Wno-strict-overflow -Wno-pointer-compare  -O3 -DNDEBUG  -DNDEBUG    -Wl,--gc-sections -Wl,--as-needed  -rdynamic CMakeFiles/cmTC_2d755.dir/src.c.o  -o cmTC_2d755 
make[1]: Leaving directory '/home/zion/Desktop/CPP-study/12.opencv/opencv-3.4.14/build/CMakeFiles/CMakeTmp'

===== END =====

Build output check failed:
    Regex: 'unrecognized .*option'
    Output line: 'cc1plus: warning: unrecognized command line option ‘-Wno-inconsistent-missing-override’'
Compilation failed:
    source file: '/home/zion/Desktop/CPP-study/12.opencv/opencv-3.4.14/build/CMakeFiles/CMakeTmp/src.cxx'
    check option: ' -Wno-inconsistent-missing-override'
===== BUILD LOG =====
Change Dir: /home/zion/Desktop/CPP-study/12.opencv/opencv-3.4.14/build/CMakeFiles/CMakeTmp

Run Build Command:"/usr/bin/make" "cmTC_ccd54/fast"
/usr/bin/make -f CMakeFiles/cmTC_ccd54.dir/build.make CMakeFiles/cmTC_ccd54.dir/build
make[1]: Entering directory '/home/zion/Desktop/CPP-study/12.opencv/opencv-3.4.14/build/CMakeFiles/CMakeTmp'
Building CXX object CMakeFiles/cmTC_ccd54.dir/src.cxx.o
/usr/bin/c++    -fsigned-char -W -Wall -Werror=return-type -Werror=non-virtual-dtor -Werror=address -Werror=sequence-point -Wformat -Werror=format-security -Winit-self -Wpointer-arith -Wsign-promo -Wno-delete-non-virtual-dtor -Wno-comment -Wimplicit-fallthrough=3 -Wno-strict-overflow -fdiagnostics-show-option -Wno-long-long -pthread -fomit-frame-pointer -ffunction-sections -fdata-sections  -msse -msse2 -msse3 -fvisibility=hidden -fvisibility-inlines-hidden -Wno-shadow -Wno-unused -Wno-sign-compare -Wno-undef -Wno-missing-declarations -Wno-uninitialized -Wno-switch -Wno-parentheses -Wno-array-bounds -Wno-extra -Wno-deprecated-declarations -Wno-misleading-indentation -Wno-deprecated -Wno-suggest-override  -O3 -DNDEBUG  -DNDEBUG -fPIE   -Wno-inconsistent-missing-override -o CMakeFiles/cmTC_ccd54.dir/src.cxx.o -c /home/zion/Desktop/CPP-study/12.opencv/opencv-3.4.14/build/CMakeFiles/CMakeTmp/src.cxx
/home/zion/Desktop/CPP-study/12.opencv/opencv-3.4.14/build/CMakeFiles/CMakeTmp/src.cxx:1:0: warning: ignoring #pragma   [-Wunknown-pragmas]
 #pragma
 
cc1plus: warning: unrecognized command line option ‘-Wno-inconsistent-missing-override’
Linking CXX executable cmTC_ccd54
/usr/bin/cmake -E cmake_link_script CMakeFiles/cmTC_ccd54.dir/link.txt --verbose=1
/usr/bin/c++     -fsigned-char -W -Wall -Werror=return-type -Werror=non-virtual-dtor -Werror=address -Werror=sequence-point -Wformat -Werror=format-security -Winit-self -Wpointer-arith -Wsign-promo -Wno-delete-non-virtual-dtor -Wno-comment -Wimplicit-fallthrough=3 -Wno-strict-overflow -fdiagnostics-show-option -Wno-long-long -pthread -fomit-frame-pointer -ffunction-sections -fdata-sections  -msse -msse2 -msse3 -fvisibility=hidden -fvisibility-inlines-hidden -Wno-shadow -Wno-unused -Wno-sign-compare -Wno-undef -Wno-missing-declarations -Wno-uninitialized -Wno-switch -Wno-parentheses -Wno-array-bounds -Wno-extra -Wno-deprecated-declarations -Wno-misleading-indentation -Wno-deprecated -Wno-suggest-override  -O3 -DNDEBUG  -DNDEBUG    -Wl,--gc-sections -Wl,--as-needed  -rdynamic CMakeFiles/cmTC_ccd54.dir/src.cxx.o  -o cmTC_ccd54 
make[1]: Leaving directory '/home/zion/Desktop/CPP-study/12.opencv/opencv-3.4.14/build/CMakeFiles/CMakeTmp'

===== END =====

Determining if the include file linux/videodev.h exists failed with the following output:
Change Dir: /home/zion/Desktop/CPP-study/12.opencv/opencv-3.4.14/build/CMakeFiles/CMakeTmp

Run Build Command:"/usr/bin/make" "cmTC_d6aeb/fast"
/usr/bin/make -f CMakeFiles/cmTC_d6aeb.dir/build.make CMakeFiles/cmTC_d6aeb.dir/build
make[1]: Entering directory '/home/zion/Desktop/CPP-study/12.opencv/opencv-3.4.14/build/CMakeFiles/CMakeTmp'
Building C object CMakeFiles/cmTC_d6aeb.dir/CheckIncludeFile.c.o
/usr/bin/cc   -fsigned-char -W -Wall -Werror=return-type -Werror=address -Werror=sequence-point -Wformat -Werror=format-security -Wmissing-declarations -Wmissing-prototypes -Wstrict-prototypes -Wundef -Winit-self -Wpointer-arith -Wshadow -Wuninitialized -Wno-comment -Wimplicit-fallthrough=3 -Wno-strict-overflow -fdiagnostics-show-option -Wno-long-long -pthread -fomit-frame-pointer -ffunction-sections -fdata-sections  -msse -msse2 -msse3 -fvisibility=hidden  -O3 -DNDEBUG  -DNDEBUG -fPIE   -o CMakeFiles/cmTC_d6aeb.dir/CheckIncludeFile.c.o   -c /home/zion/Desktop/CPP-study/12.opencv/opencv-3.4.14/build/CMakeFiles/CMakeTmp/CheckIncludeFile.c
/home/zion/Desktop/CPP-study/12.opencv/opencv-3.4.14/build/CMakeFiles/CMakeTmp/CheckIncludeFile.c:1:10: fatal error: linux/videodev.h: No such file or directory
 #include <linux/videodev.h>
          ^~~~~~~~~~~~~~~~~~
compilation terminated.
CMakeFiles/cmTC_d6aeb.dir/build.make:65: recipe for target 'CMakeFiles/cmTC_d6aeb.dir/CheckIncludeFile.c.o' failed
make[1]: *** [CMakeFiles/cmTC_d6aeb.dir/CheckIncludeFile.c.o] Error 1
make[1]: Leaving directory '/home/zion/Desktop/CPP-study/12.opencv/opencv-3.4.14/build/CMakeFiles/CMakeTmp'
Makefile:126: recipe for target 'cmTC_d6aeb/fast' failed
make: *** [cmTC_d6aeb/fast] Error 2


Determining if the include file sys/videoio.h exists failed with the following output:
Change Dir: /home/zion/Desktop/CPP-study/12.opencv/opencv-3.4.14/build/CMakeFiles/CMakeTmp

Run Build Command:"/usr/bin/make" "cmTC_b4f40/fast"
/usr/bin/make -f CMakeFiles/cmTC_b4f40.dir/build.make CMakeFiles/cmTC_b4f40.dir/build
make[1]: Entering directory '/home/zion/Desktop/CPP-study/12.opencv/opencv-3.4.14/build/CMakeFiles/CMakeTmp'
Building C object CMakeFiles/cmTC_b4f40.dir/CheckIncludeFile.c.o
/usr/bin/cc   -fsigned-char -W -Wall -Werror=return-type -Werror=address -Werror=sequence-point -Wformat -Werror=format-security -Wmissing-declarations -Wmissing-prototypes -Wstrict-prototypes -Wundef -Winit-self -Wpointer-arith -Wshadow -Wuninitialized -Wno-comment -Wimplicit-fallthrough=3 -Wno-strict-overflow -fdiagnostics-show-option -Wno-long-long -pthread -fomit-frame-pointer -ffunction-sections -fdata-sections  -msse -msse2 -msse3 -fvisibility=hidden  -O3 -DNDEBUG  -DNDEBUG -fPIE   -o CMakeFiles/cmTC_b4f40.dir/CheckIncludeFile.c.o   -c /home/zion/Desktop/CPP-study/12.opencv/opencv-3.4.14/build/CMakeFiles/CMakeTmp/CheckIncludeFile.c
/home/zion/Desktop/CPP-study/12.opencv/opencv-3.4.14/build/CMakeFiles/CMakeTmp/CheckIncludeFile.c:1:10: fatal error: sys/videoio.h: No such file or directory
 #include <sys/videoio.h>
          ^~~~~~~~~~~~~~~
compilation terminated.
CMakeFiles/cmTC_b4f40.dir/build.make:65: recipe for target 'CMakeFiles/cmTC_b4f40.dir/CheckIncludeFile.c.o' failed
make[1]: *** [CMakeFiles/cmTC_b4f40.dir/CheckIncludeFile.c.o] Error 1
make[1]: Leaving directory '/home/zion/Desktop/CPP-study/12.opencv/opencv-3.4.14/build/CMakeFiles/CMakeTmp'
Makefile:126: recipe for target 'cmTC_b4f40/fast' failed
make: *** [cmTC_b4f40/fast] Error 2


Build output check failed:
    Regex: 'unrecognized .*option'
    Output line: 'cc1plus: warning: unrecognized command line option ‘-Wno-tautological-undefined-compare’'
Compilation failed:
    source file: '/home/zion/Desktop/CPP-study/12.opencv/opencv-3.4.14/build/CMakeFiles/CMakeTmp/src.cxx'
    check option: ' -Wno-tautological-undefined-compare'
===== BUILD LOG =====
Change Dir: /home/zion/Desktop/CPP-study/12.opencv/opencv-3.4.14/build/CMakeFiles/CMakeTmp

Run Build Command:"/usr/bin/make" "cmTC_2f275/fast"
/usr/bin/make -f CMakeFiles/cmTC_2f275.dir/build.make CMakeFiles/cmTC_2f275.dir/build
make[1]: Entering directory '/home/zion/Desktop/CPP-study/12.opencv/opencv-3.4.14/build/CMakeFiles/CMakeTmp'
Building CXX object CMakeFiles/cmTC_2f275.dir/src.cxx.o
/usr/bin/c++    -fsigned-char -W -Wall -Werror=return-type -Werror=non-virtual-dtor -Werror=address -Werror=sequence-point -Wformat -Werror=format-security -Winit-self -Wpointer-arith -Wuninitialized -Wsuggest-override -Wno-delete-non-virtual-dtor -Wno-comment -Wimplicit-fallthrough=3 -Wno-strict-overflow -fdiagnostics-show-option -Wno-long-long -pthread -fomit-frame-pointer -ffunction-sections -fdata-sections  -msse -msse2 -msse3 -fvisibility=hidden -fvisibility-inlines-hidden -Wno-deprecated -Wno-missing-declarations -Wno-shadow -Wno-unused-parameter -Wno-unused-local-typedefs -Wno-sign-compare -Wno-sign-promo -Wno-undef  -O3 -DNDEBUG  -DNDEBUG -fPIE   -Wno-tautological-undefined-compare -o CMakeFiles/cmTC_2f275.dir/src.cxx.o -c /home/zion/Desktop/CPP-study/12.opencv/opencv-3.4.14/build/CMakeFiles/CMakeTmp/src.cxx
/home/zion/Desktop/CPP-study/12.opencv/opencv-3.4.14/build/CMakeFiles/CMakeTmp/src.cxx:1:0: warning: ignoring #pragma   [-Wunknown-pragmas]
 #pragma
 
cc1plus: warning: unrecognized command line option ‘-Wno-tautological-undefined-compare’
Linking CXX executable cmTC_2f275
/usr/bin/cmake -E cmake_link_script CMakeFiles/cmTC_2f275.dir/link.txt --verbose=1
/usr/bin/c++     -fsigned-char -W -Wall -Werror=return-type -Werror=non-virtual-dtor -Werror=address -Werror=sequence-point -Wformat -Werror=format-security -Winit-self -Wpointer-arith -Wuninitialized -Wsuggest-override -Wno-delete-non-virtual-dtor -Wno-comment -Wimplicit-fallthrough=3 -Wno-strict-overflow -fdiagnostics-show-option -Wno-long-long -pthread -fomit-frame-pointer -ffunction-sections -fdata-sections  -msse -msse2 -msse3 -fvisibility=hidden -fvisibility-inlines-hidden -Wno-deprecated -Wno-missing-declarations -Wno-shadow -Wno-unused-parameter -Wno-unused-local-typedefs -Wno-sign-compare -Wno-sign-promo -Wno-undef  -O3 -DNDEBUG  -DNDEBUG    -Wl,--gc-sections -Wl,--as-needed  -rdynamic CMakeFiles/cmTC_2f275.dir/src.cxx.o  -o cmTC_2f275 
make[1]: Leaving directory '/home/zion/Desktop/CPP-study/12.opencv/opencv-3.4.14/build/CMakeFiles/CMakeTmp'

===== END =====

Build output check failed:
    Regex: 'unrecognized .*option'
    Output line: 'cc1plus: warning: unrecognized command line option ‘-Wno-shorten-64-to-32’'
Compilation failed:
    source file: '/home/zion/Desktop/CPP-study/12.opencv/opencv-3.4.14/build/CMakeFiles/CMakeTmp/src.cxx'
    check option: ' -Wno-shorten-64-to-32'
===== BUILD LOG =====
Change Dir: /home/zion/Desktop/CPP-study/12.opencv/opencv-3.4.14/build/CMakeFiles/CMakeTmp

Run Build Command:"/usr/bin/make" "cmTC_aeb67/fast"
/usr/bin/make -f CMakeFiles/cmTC_aeb67.dir/build.make CMakeFiles/cmTC_aeb67.dir/build
make[1]: Entering directory '/home/zion/Desktop/CPP-study/12.opencv/opencv-3.4.14/build/CMakeFiles/CMakeTmp'
Building CXX object CMakeFiles/cmTC_aeb67.dir/src.cxx.o
/usr/bin/c++    -fsigned-char -W -Wall -Werror=return-type -Werror=non-virtual-dtor -Werror=address -Werror=sequence-point -Wformat -Werror=format-security -Winit-self -Wpointer-arith -Wuninitialized -Wsuggest-override -Wno-delete-non-virtual-dtor -Wno-comment -Wimplicit-fallthrough=3 -Wno-strict-overflow -fdiagnostics-show-option -Wno-long-long -pthread -fomit-frame-pointer -ffunction-sections -fdata-sections  -msse -msse2 -msse3 -fvisibility=hidden -fvisibility-inlines-hidden -Wno-deprecated -Wno-missing-declarations -Wno-shadow -Wno-unused-parameter -Wno-unused-local-typedefs -Wno-sign-compare -Wno-sign-promo -Wno-undef -Wno-ignored-qualifiers -Wno-extra -Wno-unused-function -Wno-unused-const-variable  -O3 -DNDEBUG  -DNDEBUG -fPIE   -Wno-shorten-64-to-32 -o CMakeFiles/cmTC_aeb67.dir/src.cxx.o -c /home/zion/Desktop/CPP-study/12.opencv/opencv-3.4.14/build/CMakeFiles/CMakeTmp/src.cxx
/home/zion/Desktop/CPP-study/12.opencv/opencv-3.4.14/build/CMakeFiles/CMakeTmp/src.cxx:1:0: warning: ignoring #pragma   [-Wunknown-pragmas]
 #pragma
 
cc1plus: warning: unrecognized command line option ‘-Wno-shorten-64-to-32’
Linking CXX executable cmTC_aeb67
/usr/bin/cmake -E cmake_link_script CMakeFiles/cmTC_aeb67.dir/link.txt --verbose=1
/usr/bin/c++     -fsigned-char -W -Wall -Werror=return-type -Werror=non-virtual-dtor -Werror=address -Werror=sequence-point -Wformat -Werror=format-security -Winit-self -Wpointer-arith -Wuninitialized -Wsuggest-override -Wno-delete-non-virtual-dtor -Wno-comment -Wimplicit-fallthrough=3 -Wno-strict-overflow -fdiagnostics-show-option -Wno-long-long -pthread -fomit-frame-pointer -ffunction-sections -fdata-sections  -msse -msse2 -msse3 -fvisibility=hidden -fvisibility-inlines-hidden -Wno-deprecated -Wno-missing-declarations -Wno-shadow -Wno-unused-parameter -Wno-unused-local-typedefs -Wno-sign-compare -Wno-sign-promo -Wno-undef -Wno-ignored-qualifiers -Wno-extra -Wno-unused-function -Wno-unused-const-variable  -O3 -DNDEBUG  -DNDEBUG    -Wl,--gc-sections -Wl,--as-needed  -rdynamic CMakeFiles/cmTC_aeb67.dir/src.cxx.o  -o cmTC_aeb67 
make[1]: Leaving directory '/home/zion/Desktop/CPP-study/12.opencv/opencv-3.4.14/build/CMakeFiles/CMakeTmp'

===== END =====

Build output check failed:
    Regex: 'unrecognized .*option'
    Output line: 'cc1plus: warning: unrecognized command line option ‘-Wno-enum-compare-switch’'
Compilation failed:
    source file: '/home/zion/Desktop/CPP-study/12.opencv/opencv-3.4.14/build/CMakeFiles/CMakeTmp/src.cxx'
    check option: ' -Wno-enum-compare-switch'
===== BUILD LOG =====
Change Dir: /home/zion/Desktop/CPP-study/12.opencv/opencv-3.4.14/build/CMakeFiles/CMakeTmp

Run Build Command:"/usr/bin/make" "cmTC_dc9e0/fast"
/usr/bin/make -f CMakeFiles/cmTC_dc9e0.dir/build.make CMakeFiles/cmTC_dc9e0.dir/build
make[1]: Entering directory '/home/zion/Desktop/CPP-study/12.opencv/opencv-3.4.14/build/CMakeFiles/CMakeTmp'
Building CXX object CMakeFiles/cmTC_dc9e0.dir/src.cxx.o
/usr/bin/c++    -fsigned-char -W -Wall -Werror=return-type -Werror=non-virtual-dtor -Werror=address -Werror=sequence-point -Wformat -Werror=format-security -Winit-self -Wpointer-arith -Wuninitialized -Wsuggest-override -Wno-delete-non-virtual-dtor -Wno-comment -Wimplicit-fallthrough=3 -Wno-strict-overflow -fdiagnostics-show-option -Wno-long-long -pthread -fomit-frame-pointer -ffunction-sections -fdata-sections  -msse -msse2 -msse3 -fvisibility=hidden -fvisibility-inlines-hidden -Wno-deprecated -Wno-missing-declarations -Wno-shadow -Wno-unused-parameter -Wno-unused-local-typedefs -Wno-sign-compare -Wno-sign-promo -Wno-undef -Wno-ignored-qualifiers -Wno-extra -Wno-unused-function -Wno-unused-const-variable -Wno-invalid-offsetof  -O3 -DNDEBUG  -DNDEBUG -fPIE   -Wno-enum-compare-switch -o CMakeFiles/cmTC_dc9e0.dir/src.cxx.o -c /home/zion/Desktop/CPP-study/12.opencv/opencv-3.4.14/build/CMakeFiles/CMakeTmp/src.cxx
/home/zion/Desktop/CPP-study/12.opencv/opencv-3.4.14/build/CMakeFiles/CMakeTmp/src.cxx:1:0: warning: ignoring #pragma   [-Wunknown-pragmas]
 #pragma
 
cc1plus: warning: unrecognized command line option ‘-Wno-enum-compare-switch’
Linking CXX executable cmTC_dc9e0
/usr/bin/cmake -E cmake_link_script CMakeFiles/cmTC_dc9e0.dir/link.txt --verbose=1
/usr/bin/c++     -fsigned-char -W -Wall -Werror=return-type -Werror=non-virtual-dtor -Werror=address -Werror=sequence-point -Wformat -Werror=format-security -Winit-self -Wpointer-arith -Wuninitialized -Wsuggest-override -Wno-delete-non-virtual-dtor -Wno-comment -Wimplicit-fallthrough=3 -Wno-strict-overflow -fdiagnostics-show-option -Wno-long-long -pthread -fomit-frame-pointer -ffunction-sections -fdata-sections  -msse -msse2 -msse3 -fvisibility=hidden -fvisibility-inlines-hidden -Wno-deprecated -Wno-missing-declarations -Wno-shadow -Wno-unused-parameter -Wno-unused-local-typedefs -Wno-sign-compare -Wno-sign-promo -Wno-undef -Wno-ignored-qualifiers -Wno-extra -Wno-unused-function -Wno-unused-const-variable -Wno-invalid-offsetof  -O3 -DNDEBUG  -DNDEBUG    -Wl,--gc-sections -Wl,--as-needed  -rdynamic CMakeFiles/cmTC_dc9e0.dir/src.cxx.o  -o cmTC_dc9e0 
make[1]: Leaving directory '/home/zion/Desktop/CPP-study/12.opencv/opencv-3.4.14/build/CMakeFiles/CMakeTmp'

===== END =====

